 
shrimp2.camb.opengroup.org  :  
shrimp2.camb.opengroup.org  :  
app1.camb.opengroup.org  :  
lowell96-ws54.ziplink.net  :  Name: lowell96-ws54.ziplink.net 
ww-td63.proxy.aol.com  :  
app1.camb.opengroup.org  :  
shrimp2.camb.opengroup.org  :  
ww-tm03.proxy.aol.com  :  
m5.aetna.com  :  Name: m5.aetna.com 
vivid.autometric.com  :  Name: gate-vivid.autometric.com 
pfizergate.pfizer.com  :  
p20.goshep.com  :  
ts001d35.cht-ma.concentric.net  :  Name: ts001d35.cht-ma.concentric.net 
155.48.101.254  :  
wor-ma2-18.ix.netcom.com  :  Name: wor-ma2-18.ix.netcom.com 
ppp-test1.bu.edu  :  
app1.camb.opengroup.org  :  
166.68.131.197  :  
www-relay1.das-x.dec.com  :  
www-relay1.das-x.dec.com  :  
smithers.infonet.tufts.edu  :  
london-bridge.smg.seagatesoftware.com  :  
bstnma-d2-116.port.shore.net  :  
ww-te63.proxy.aol.com  :  
ww-td63.proxy.aol.com  :  
38.231.170.254  :  
ww-tl05.proxy.aol.com  :  
www-fw-proxy3.boeing.com  :  
ww-tl05.proxy.aol.com  :  
134.174.219.121  :  
adl003066.adlittle.com  :  
132.183.182.177  :  
132.183.182.177  :  Name: W0080395.mgh.harvard.edu 
132.183.182.177  :  Name: W0080395.mgh.harvard.edu 
132.183.182.177  :  Name: W0080395.mgh.harvard.edu 
ww-ta06.proxy.aol.com  :  
ww-to04.proxy.aol.com  :  
134.174.219.121  :  
ww-to04.proxy.aol.com  :  
ww-tl05.proxy.aol.com  :  
ww-tm02.proxy.aol.com  :  
134.174.112.99  :  
sea-ts4-p48.wolfenet.com  :  
ww-tp04.proxy.aol.com  :  
ww-tp04.proxy.aol.com  :  
relay.alf-x.dec.com  :  Name: relay.alf-x.dec.com 
hdn109-163.hil.compuserve.com  :  
slip166-72-191-71.nh.us.ibm.net  :  Name: slip166-72-191-71.nh.us.ibm.net 
bos-ip-2-17.ziplink.net  :  
bos-ip-1-85.ziplink.net  :  
1cust106.max24.new-york.ny.ms.uu.net  :  
ww-to06.proxy.aol.com  :  
ts006d47.cht-ma.concentric.net  :  Name: ts006d47.cht-ma.concentric.net 
ts006d47.cht-ma.concentric.net  :  Name: ts006d47.cht-ma.concentric.net 
ts006d47.cht-ma.concentric.net  :  Name: ts006d47.cht-ma.concentric.net 
bos-ip-1-86.ziplink.net  :  
ppp-82-29.bu.edu  :  
199.182.170.5  :  
ww-tp02.proxy.aol.com  :  
155.48.104.125  :  
ww-tp02.proxy.aol.com  :  
199.33.141.243  :  
hancock.ikos.com  :  
ww-tm04.proxy.aol.com  :  
ww-tm04.proxy.aol.com  :  
proxy-108.iap.bryant.webtv.net  :  
ts001d25.cht-ma.concentric.net  :  Name: ts001d25.cht-ma.concentric.net 
spg-as8s17.erols.com  :  
ww-tf01.proxy.aol.com  :  
1cust84.tnt6.bos2.da.uu.net  :  
1cust84.tnt6.bos2.da.uu.net  :  
ww-ta02.proxy.aol.com  :  
ww-te64.proxy.aol.com  :  
bc158x108.bc.edu  :  
thomak.mlhs.org  :  
annex3-56.dial.umd.edu  :  
misboston-bh.ci.boston.ma.us  :  
adl003066.adlittle.com  :  
ww-tm05.proxy.aol.com  :  
cfalbmh.harvard.edu  :  Name: cfalbmh.harvard.edu 
199.182.170.5  :  
www.rsg.com  :  Name: rsg.com 
199.182.170.5  :  
bc158x108.bc.edu  :  
207.60.244.64  :  Name: hops.boston.iona.ie 
207.121.73.20  :  Name: ip20.CdNorthAmerica.COM 
p20.goshep.com  :  
st4260.infonet.tufts.edu  :  
spg-as13s62.erols.com  :  
slip166-72-1-91.us.ibm.net  :  
lanrover3-ppp183.mdc.net  :  
aston-11.mdm.mke.execpc.com  :  
lanrover1-ppp22.mdc.net  :  
crimpshrine.atext.com  :  Name: crimpshrine.atext.com 
ww-tn03.proxy.aol.com  :  
adl003066.adlittle.com  :  
gw13xu.fmr.com  :  Name: gw13xu.fmr.com 
screen4.lotus.com  :  
screen4.lotus.com  :  
204.38.156.207  :  
gatekeeper.hi.com  :  Name: gatekeeper.hi.com 
adl003066.adlittle.com  :  
gatekeeper-w.mitre.org  :  
gatekeeper.hi.com  :  Name: gatekeeper.hi.com 
gatekeeper.hi.com  :  Name: gatekeeper.hi.com 
ns4.dallascowboys.com  :  
screen4.lotus.com  :  
gatekeeper.hi.com  :  Name: gatekeeper.hi.com 
p36.tc10.metro.ma.tiac.com  :  Name: p36.tc10.metro.ma.tiac.com 
gatekeeper.hi.com  :  Name: gatekeeper.hi.com 
gatekeeper.hi.com  :  Name: gatekeeper.hi.com 
petemac.wsicorp.com  :  
ww-td66.proxy.aol.com  :  
bos-ip-2-215.ziplink.net  :  
ww-tk61.proxy.aol.com  :  
ww-td61.proxy.aol.com  :  
pinto.mit.edu  :  
ww-tm01.proxy.aol.com  :  
ww-tp05.proxy.aol.com  :  
ww-te61.proxy.aol.com  :  
1cust63.max2.boston.ma.ms.uu.net  :  
shiv1p11.bc.edu  :  Name: shiv1p11.bc.edu 
misboston-bh.ci.boston.ma.us  :  
westisdngw.mitre.org  :  
206.33.105.36  :  
206.33.105.36  :  
206.33.105.36  :  
206.33.105.36  :  
206.33.105.36  :  
206.33.105.36  :  
155.40.5.162  :  
ww-td64.proxy.aol.com  :  
155.38.5.218  :  Name: dhcp218.55chapel.edc.org 
adl003066.adlittle.com  :  
johancock-bh.jhancock.com  :  Name: johancock-bh.jhancock.com 
johancock-bh.jhancock.com  :  Name: johancock-bh.jhancock.com 
sar120-pc141.bu.edu  :  
piscitelli.hmco.com  :  
uni-ip-206.65.103.200.access.unicom.net  :  
fishkill-out.putnaminv.com  :  Name: fishkill-out.putnaminv.com 
bootp224x189.bc.edu  :  
gr01-22.net1plus.com  :  
128.103.113.26  :  
ts002d46.cht-ma.concentric.net  :  Name: ts002d46.cht-ma.concentric.net 
conehead.mass-usr.com  :  
conehead.mass-usr.com  :  
1cust70.max29.boston.ma.ms.uu.net  :  
colella.ne.mediaone.net  :  
jnee.student.harvard.edu  :  
199.249.243.1  :  
199.249.243.1  :  
ww-tb66.proxy.aol.com  :  
misboston-bh.ci.boston.ma.us  :  
morl128.hbs.edu  :  
ww-tj64.proxy.aol.com  :  
ww-tp01.proxy.aol.com  :  
rb45.harvard.edu  :  Name: rb45.harvard.edu 
20.8.25.211  :  
207.136.252.114  :  
207.136.252.114  :  
128.103.113.42  :  
sig-int-192.233.221.228.sig.bsh.com  :  Name: sig-int-192.233.221.228.sig.bsh.com 
ww-td61.proxy.aol.com  :  
204.32.106.122  :  
155.48.101.254  :  
155.48.101.254  :  
155.48.101.254  :  
maccarrie.avs.com  :  
gw11xu.fmr.com  :  Name: gw11xu.fmr.com 
eagle-ext.shiva.com  :  
gw13xu.fmr.com  :  Name: gw13xu.fmr.com 
fed2.frb.gov  :  Name: fed2.frb.gov 
ww-tl06.proxy.aol.com  :  
bstn-82ppp60.starpass.net  :  
keeper.tribune.com  :  Name: keeper.tribune.com 
ww-tm02.proxy.aol.com  :  
ww-tl01.proxy.aol.com  :  
ww-tm03.proxy.aol.com  :  
ww-tm03.proxy.aol.com  :  
ww-tp04.proxy.aol.com  :  
ww-tm02.proxy.aol.com  :  
ww-tm02.proxy.aol.com  :  
frm-ma3-04.ix.netcom.com  :  
jody.rti.org  :  
ww-to06.proxy.aol.com  :  
sdn-ts-001mabostp11.dialsprint.net  :  
gw13xu.fmr.com  :  Name: gw13xu.fmr.com 
oreo.wi.mit.edu  :  Name: oreo.wi.mit.edu 
oreo.wi.mit.edu  :  Name: oreo.wi.mit.edu 
ar.commercialre.com  :  
ar.commercialre.com  :  
ar.commercialre.com  :  
ww-tl06.proxy.aol.com  :  
p20.goshep.com  :  
p20.goshep.com  :  
bootp222x202.bc.edu  :  
xensei-ppp-0041.xensei.com  :  
www.rsg.com  :  Name: rsg.com 
208.8.155.16  :  
cvs-bh.cvs.com  :  Name: cvs-bh.cvs.com 
ww-pa02.proxy.aol.com  :  Name: ww-pa02.proxy.aol.com 
ww-to01.proxy.aol.com  :  
slip129-37-60-78.ca.us.ibm.net  :  Name: slip129-37-60-78.ca.us.ibm.net 
slip129-37-60-113.ca.us.ibm.net  :  Name: slip129-37-60-113.ca.us.ibm.net 
173-228-151.ipt.aol.com  :  
har153.capecod.net  :  Name: har153.capecod.net 
arizona.wcrb.com  :  Name: arizona.wcrb.com 
ras12.viewlogic.com  :  
ww-tq01.proxy.aol.com  :  
20715979140.bellatlantic.net  :  
emerald.auroratech.com  :  
emerald.auroratech.com  :  
ww-ta03.proxy.aol.com  :  
dse.ziplink.net  :  
155.48.102.200  :  
ww-tp03.proxy.aol.com  :  
ww-tp03.proxy.aol.com  :  
ww-tl02.proxy.aol.com  :  
ww-tc63.proxy.aol.com  :  
ww-tc63.proxy.aol.com  :  
misboston-bh.ci.boston.ma.us  :  
pool-107-151.ptc.com  :  
screen4.lotus.com  :  
ip71.isdn1-boston.ma.pub-ip.psi.net  :  Name: ip71.isdn1-boston.ma.pub-ip.psi.net 
ip71.isdn1-boston.ma.pub-ip.psi.net  :  Name: ip71.isdn1-boston.ma.pub-ip.psi.net 
p10.tc6.metro.ma.tiac.com  :  
198.104.160.249  :  Name: ppp19.northstar.k12.ak.us 
207.60.244.64  :  Name: hops.boston.iona.ie 
router1.magnus1.com  :  Name: router1.magnus1.com 
ww-tl01.proxy.aol.com  :  
st4240.tc.tufts.edu  :  
rvl-md2-16.ix.netcom.com  :  
st4308.infonet.tufts.edu  :  
1cust183.tnt6.bos2.da.uu.net  :  
ww-tm05.proxy.aol.com  :  
frm-ma1-03.ix.netcom.com  :  
frm-ma2-19.ix.netcom.com  :  
frm-ma2-08.ix.netcom.com  :  
lycosidae.lycos.com  :  Name: lycosidae.lycos.com 
136.184.66.222  :  
screen2.lotus.com  :  Name: screen2.lotus.com 
205.147.8.238  :  Name: mach45.lthingmfg.com 
207.60.244.64  :  Name: hops.boston.iona.ie 
slip129-37-108-66.nj.us.ibm.net  :  Name: slip129-37-108-66.nj.us.ibm.net 
crimpshrine.atext.com  :  Name: crimpshrine.atext.com 
ww-tb64.proxy.aol.com  :  
router1.magnus1.com  :  Name: router1.magnus1.com 
router1.magnus1.com  :  Name: router1.magnus1.com 
router1.magnus1.com  :  Name: router1.magnus1.com 
ww-tb62.proxy.aol.com  :  
131.92.150.187  :  
ww-tn02.proxy.aol.com  :  
screen4.lotus.com  :  
wayz.ne.mediaone.net  :  
ariad-bh.ariad.com  :  Name: ariad-bh.ariad.com 
198.148.186.131  :  
151.188.202.106  :  
gatekeeper1.bgs.com  :  Name: gatekeeper1.bgs.com 
fishkill-out.putnaminv.com  :  Name: fishkill-out.putnaminv.com 
bronner-bh.bsh.com  :  
oreo.wi.mit.edu  :  Name: oreo.wi.mit.edu 
oreo.wi.mit.edu  :  Name: oreo.wi.mit.edu 
oreo.wi.mit.edu  :  Name: oreo.wi.mit.edu 
bos-ip-1-18.ziplink.net  :  
fw-screen.quickturn.com  :  
ip16.max.marlowe.net  :  Name: ip16.max.marlowe.net 
155.48.150.23  :  
198.80.152.224  :  Name: 152-224.tfn.com 
xcom29.capecod.net  :  
dial-pop4-14.bicnet.net  :  
dial-pop4-14.bicnet.net  :  
sdn-ts-002misoutp03.dialsprint.net  :  
ip44.max.marlowe.net  :  Name: ip44.max.marlowe.net 
gatekeeper.mitre.org  :  Name: gatekeeper.mitre.org 
208.152.145.157  :  
slip129-37-108-108.nj.us.ibm.net  :  Name: slip129-37-108-108.nj.us.ibm.net 
131.92.150.187  :  
bc159x78.bc.edu  :  
bc159x78.bc.edu  :  
ctrahost216.concentra.com  :  
131.128.4.52  :  
131.128.117.24  :  
131.128.117.24  :  
kelp131.cruzio.com  :  
ww-tk01.proxy.aol.com  :  
ww-tr06.proxy.aol.com  :  
ww-tr06.proxy.aol.com  :  
ww-tk01.proxy.aol.com  :  
204.57.61.46  :  
ww-tg01.proxy.aol.com  :  
ww-tf04.proxy.aol.com  :  
slip129-37-60-99.ca.us.ibm.net  :  Name: slip129-37-60-99.ca.us.ibm.net 
unused.keene.monad.net  :  
centrisavid.harvard.edu  :  Name: centrisavid.harvard.edu 
205.138.120.27  :  
gw13xu.fmr.com  :  Name: gw13xu.fmr.com 
maccarrie.avs.com  :  
tripod.webcrawler.com  :  
253.middletown-06.va.dial-access.att.net  :  Name: 253.middletown-06.va.dial-access.att.net 
gw-94-20.openmarket.com  :  
world-f.std.com  :  Name: world-f.std.com 
bldg253-0017.unm.edu  :  Name: bldg253-0017.unm.edu 
rhenry2.nosc.mil  :  Name: rhenry2.nosc.mil 
www-proxy.crl.research.digital.com  :  Name: www-proxy.crl.research.digital.com 
143.251.100.88  :  
143.251.100.88  :  
jobe.student.harvard.edu  :  
di-058b.mit.edu  :  Name: di-058b.mit.edu 
usr2-dialup60.mix2.boston.mci.net  :  
ts002d38.cht-ma.concentric.net  :  Name: ts002d38.cht-ma.concentric.net 
1cust84.max23.boston.ma.ms.uu.net  :  
ww-tl05.proxy.aol.com  :  
screen2.lotus.com  :  Name: screen2.lotus.com 
st215x200.bc.edu  :  
st3609.tc.tufts.edu  :  
p7.is1.bedfo.ma.tiac.com  :  Name: p7.is1.bedfo.ma.tiac.com 
ppp-81-32.bu.edu  :  
206.80.138.41  :  
ts003d02.cht-ma.concentric.net  :  Name: ts003d02.cht-ma.concentric.net 
ww-tm02.proxy.aol.com  :  
208.140.130.207  :  
bosasc7-89.flash.net  :  
piweba5y-ext.prodigy.com  :  Name: piweba5y-ext.prodigy.com 
ww-tq02.proxy.aol.com  :  
spider2.wisewire.com  :  Name: spider2.wisewire.com 
ad83-159.arl.compuserve.com  :  
misboston-bh.ci.boston.ma.us  :  
dial-12.ffni.com  :  
translated.clipper.ssb.com  :  
xlatte0.wfnx.com  :  
151.188.245.81  :  
141.133.65.21  :  
www-relay.das-x.dec.com  :  
st4260.infonet.tufts.edu  :  
207.60.244.64  :  Name: hops.boston.iona.ie 
ww-tj02.proxy.aol.com  :  
crawl4.atext.com  :  Name: crawl4.atext.com 
proxy-103.iap.bryant.webtv.net  :  
proxy1.statestreet.com  :  
mars.espn.com  :  
st-1-692.bc.edu  :  
chas5-16s.citynet.net  :  
ns01.towers.com  :  Name: ns01.towers.com 
205.219.164.254  :  
tide18.microsoft.com  :  Name: tide18.microsoft.com 
gal99.hbs.edu  :  
gal99.hbs.edu  :  
gal99.hbs.edu  :  
gal99.hbs.edu  :  
206.33.25.118  :  
155.95.173.181  :  
155.95.173.181  :  
www-relay1.das-x.dec.com  :  
ww-tn02.proxy.aol.com  :  
ww-te03.proxy.aol.com  :  
spider1.northgrum.com  :  
198.80.152.122  :  Name: 152-122.tfn.com 
bronner-bh.bsh.com  :  
dhcp1-199.amsa.com  :  
ssrfw1.ssrm.com  :  Name: ssrfw1.ssrm.com 
hayes-mac137.sau.edu  :  
ww-tq02.proxy.aol.com  :  
ts012d25.cht-ma.concentric.net  :  Name: ts012d25.cht-ma.concentric.net 
misboston-bh.ci.boston.ma.us  :  
ip252.isdn6-boston.ma.pub-ip.psi.net  :  
gw13xu.fmr.com  :  Name: gw13xu.fmr.com 
ftp.sylvania.com  :  Name: ftp.sylvania.com 
ftp.sylvania.com  :  Name: ftp.sylvania.com 
ftp.sylvania.com  :  Name: ftp.sylvania.com 
ftp.sylvania.com  :  Name: ftp.sylvania.com 
ftp.sylvania.com  :  Name: ftp.sylvania.com 
linehanjmac.hmco.com  :  
linehanjmac.hmco.com  :  
retro-coll-2.mit.edu  :  Name: retro-coll-2.mit.edu 
fort-ext.pureatria.com  :  Name: fort-ext.pureatria.com 
ww-ti02.proxy.aol.com  :  
i13.inktomi.com  :  Name: i13.inktomi.com 
gate04.ny.us.ibm.com  :  
dial-pop2-0.bicnet.net  :  
ww-tn01.proxy.aol.com  :  
nilosseaton.vassar.edu  :  Name: nilosseaton.vassar.edu 
amva1-a12.amel.tds.net  :  
tide27.microsoft.com  :  Name: tide27.microsoft.com 
keeper.tribune.com  :  Name: keeper.tribune.com 
keeper.tribune.com  :  Name: keeper.tribune.com 
user-2k7i7hn.dialup.mindspring.com  :  
12.6.244.88  :  
map.ne.mediaone.net  :  
bronner-bh.bsh.com  :  
198.17.85.28  :  
mercury.treco.net  :  Name: mercury.treco.net 
keeney180-24.keeney.brown.edu  :  Name: keeney180-24.keeney.brown.edu 
ralph04.wwonline.com  :  Name: ralph04.wwonline.com 
199.33.141.203  :  Name: pr00357.coa.edu 
ww-tc02.proxy.aol.com  :  
bos-ip-2-40.ziplink.net  :  
host-32-96-70-76.mem.bellsouth.net  :  
dd55-118.dub.compuserve.com  :  
ad78-003.compuserve.com  :  
207.94.205.89  :  
crimpshrine.atext.com  :  Name: crimpshrine.atext.com 
199.103.245.143  :  
eagle-ext.shiva.com  :  
beeville.wsicorp.com  :  
ww-td01.proxy.aol.com  :  
12.6.245.9  :  
st4657.infonet.tufts.edu  :  
166.94.174.96  :  
fw-screen.quickturn.com  :  
proxy-168.iap.bryant.webtv.net  :  
proxy-168.iap.bryant.webtv.net  :  
proxy-166.iap.bryant.webtv.net  :  
204.162.98.90  :  
ww-tb04.proxy.aol.com  :  
slip166-72-168-122.va.us.ibm.net  :  Name: slip166-72-168-122.va.us.ibm.net 
fiber-bits.ai.mit.edu  :  Name: fiber-bits.ai.mit.edu 
ww-td02.proxy.aol.com  :  
world-f.std.com  :  Name: world-f.std.com 
world-f.std.com  :  Name: world-f.std.com 
p31.nas4.is3.u-net.net  :  Name: p31.nas4.is3.u-net.net 
138.78.10.29  :  Name: hnguyen-lpt.smcm.edu 
ww-to06.proxy.aol.com  :  
ww-tn04.proxy.aol.com  :  
buckcrowley.ne.mediaone.net  :  Name: buckcrowley.ne.mediaone.net 
207.94.140.128  :  
ts006d37.cht-ma.concentric.net  :  Name: ts006d37.cht-ma.concentric.net 
rp10.is01.tradenet.net  :  Name: rp10.is01.tradenet.net 
hdn85-181.hil.compuserve.com  :  
ww-tf05.proxy.aol.com  :  
ww-tr04.proxy.aol.com  :  
proxy1.sch.prodigy.net  :  Name: proxy1.sch.prodigy.net 
ww-tn02.proxy.aol.com  :  
bsd-as7s16.erols.com  :  
crawl4.atext.com  :  Name: crawl4.atext.com 
gw13xu.fmr.com  :  Name: gw13xu.fmr.com 
gate.pilotsw.com  :  Name: gate.pilotsw.com 
circuit_breaker.citizenspower.com  :  
fw-screen.quickturn.com  :  
1cust221.tnt7.bos2.da.uu.net  :  
204.164.169.1  :  
pm1-22.ncmc.cc.mi.us  :  Name: pm1-22.ncmc.cc.mi.us 
pm1-22.ncmc.cc.mi.us  :  Name: pm1-22.ncmc.cc.mi.us 
pm1-22.ncmc.cc.mi.us  :  Name: pm1-22.ncmc.cc.mi.us 
199.94.72.145  :  
168-129-226.ipt.aol.com  :  
ww-tc02.proxy.aol.com  :  
ww-tc02.proxy.aol.com  :  
ww-tc06.proxy.aol.com  :  
168-102-127.ipt.aol.com  :  
ww-te02.proxy.aol.com  :  
misboston-bh.ci.boston.ma.us  :  
gargoyle.media.mit.edu  :  Name: gargoyle.media.mit.edu 
ww-tm06.proxy.aol.com  :  
momo.frc.mass.edu  :  Name: momo.frc.mass.edu 
iron.mines.uidaho.edu  :  Name: iron.mines.uidaho.edu 
151.104.82.145  :  
beeville.wsicorp.com  :  
beeville.wsicorp.com  :  
207.60.244.124  :  Name: typeo.boston.iona.ie 
12.6.240.2  :  Name: ns.learningco.com 
38.163.33.7  :  
deptvass-bh.va.gov  :  Name: deptvass-bh.va.gov 
jxsndial54.voyager.net  :  
zelle.vpharm.com  :  
mbus.loc.gov  :  Name: mbus.loc.gov 
170.154.75.96  :  
scudder-bh.scudder.com  :  
gw12e.fmr.com  :  Name: gw12e.fmr.com 
ww-tb05.proxy.aol.com  :  
har94.capecod.net  :  Name: har94.capecod.net 
108.cambridge-03.ma.dial-access.att.net  :  
ww-tr06.proxy.aol.com  :  
ww-to04.proxy.aol.com  :  
dialup127.kersur.net  :  
piweba5y-ext.prodigy.com  :  Name: piweba5y-ext.prodigy.com 
piweba5y-ext.prodigy.com  :  Name: piweba5y-ext.prodigy.com 
proxy-167.iap.bryant.webtv.net  :  
p4.tc1.metro.ma.tiac.com  :  Name: p4.tc1.metro.ma.tiac.com 
gatekeeper.mitre.org  :  Name: gatekeeper.mitre.org 
proxy.topend.com.au  :  Name: proxy.topend.com.au 
ww-tp04.proxy.aol.com  :  
ts009d34.cht-ma.concentric.net  :  Name: ts009d34.cht-ma.concentric.net 
misboston-bh.ci.boston.ma.us  :  
ip207.providence2.ri.pub-ip.psi.net  :  Name: ip207.providence2.ri.pub-ip.psi.net 
spider1.wisewire.com  :  Name: spider1.wisewire.com 
ppp-83-5.bu.edu  :  
119.new-york-04.ny.dial-access.att.net  :  Name: 119.new-york-04.ny.dial-access.att.net 
frm-ma3-17.ix.netcom.com  :  
shiv1p17.bc.edu  :  Name: shiv1p17.bc.edu 
p2.ts3.kings.ma.tiac.com  :  Name: p2.ts3.kings.ma.tiac.com 
p2.ts3.kings.ma.tiac.com  :  Name: p2.ts3.kings.ma.tiac.com 
1cust61.max5.washington2.dc.ms.uu.net  :  
fppp1.buffnet.net  :  Name: fppp1.buffnet.net 
crist.ppp.duq.edu  :  
port93.clea2.prodigy.net  :  
ppp-207-214-176-75.anhm01.pacbell.net  :  Name: ppp-207-214-176-75.anhm01.pacbell.net 
ww-ta01.proxy.aol.com  :  
ww-tf04.proxy.aol.com  :  
world-f.std.com  :  Name: world-f.std.com 
ec75.bc.edu  :  
crimpshrine.atext.com  :  Name: crimpshrine.atext.com 
ww-tp01.proxy.aol.com  :  
proxy-142.iap.bryant.webtv.net  :  
ppp-65.ts-1.bos.idt.net  :  
ts010d26.cht-ma.concentric.net  :  Name: ts010d26.cht-ma.concentric.net 
ts010d26.cht-ma.concentric.net  :  Name: ts010d26.cht-ma.concentric.net 
spg-tnt7s43.erols.com  :  
ww-te06.proxy.aol.com  :  
xyp-ts1-16.dialup.neca.com  :  
ww-tr04.proxy.aol.com  :  
zenel.tiac.net  :  Name: zenel.tiac.net 
zenel.tiac.net  :  Name: zenel.tiac.net 
pool-207-205-202-214.kop.grid.net  :  
188.cambridge-01.ma.dial-access.att.net  :  Name: 188.cambridge-01.ma.dial-access.att.net 
ts011d48.cht-ma.concentric.net  :  Name: ts011d48.cht-ma.concentric.net 
dialup23.bedford.xtdl.com  :  Name: dialup23.bedford.xtdl.com 
gw12e.fmr.com  :  Name: gw12e.fmr.com 
sabre.sherpa.com  :  
f338-16.clas.suffolk.edu  :  
frm-ma2-14.ix.netcom.com  :  
132.245.129.77  :  Name: h77s129a245n132.user.nortelnetworks.com 
tosborn.bbn.com  :  Name: tosborn.bbn.com 
tosborn.bbn.com  :  Name: tosborn.bbn.com 
ppp-95-6.bu.edu  :  Name: ppp-95-6.bu.edu 
ts009d08.cht-ma.concentric.net  :  Name: ts009d08.cht-ma.concentric.net 
206.33.24.221  : 