 
75-ts1-dltx.hpnc.com  :  
mfemia.ne.mediaone.net  :  
cache-rl03.proxy.aol.com  :  Name: cache-rl03.proxy.aol.com 
cache-db07.proxy.aol.com  :  Name: cache-db07.proxy.aol.com 
mfemia.ne.mediaone.net  :  
proxy4.la.prodigy.net  :  
1cust203.tnt23.nyc3.da.uu.net  :  Name: 1cust203.tnt23.nyc3.da.uu.net 
205.219.3.104  :  
171s1161.isus.emc.com  :  Name: 171s1161.isus.emc.com 
host208.ebnhc.org  :  Name: host208.ebnhc.org 
tnt-2-03-56k.portsmouth.zoomnet.net  :  
207.203.161.2  :  Name: users.energen.com 
207.203.161.2  :  Name: users.energen.com 
162.new-york-05.ny.dial-access.att.net  :  Name: 162.new-york-05.ny.dial-access.att.net 
204.164.111.178  :  
svwebw02.statestreet.com  :  Name: svwebw02.statestreet.com 
ip1.isdn6-boston.ma.pub-ip.psi.net  :  
adl044080.adlittle.com  :  
216.28.23.48  :  
bay1-13.quincy.ziplink.net  :  
s017n031.ummed.edu  :  Name: s017n031.ummed.edu 
bkb-bh.bkb.com  :  Name: bkb-bh.bkb.com 
bsg-ma1-169.ix.netcom.com  :  
dbloemen.xyplex.com  :  
com-mac7.bu.edu  :  Name: com-mac7.bu.edu 
com-mac7.bu.edu  :  Name: com-mac7.bu.edu 
com-mac7.bu.edu  :  Name: com-mac7.bu.edu 
com-mac7.bu.edu  :  Name: com-mac7.bu.edu 
com-mac7.bu.edu  :  Name: com-mac7.bu.edu 
209.203.193.78  :  
cache-db03.proxy.aol.com  :  Name: cache-db03.proxy.aol.com 
scooter.pa-x.dec.com  :  Name: scooter.pa-x.dec.com 
proxy.bsws.com  :  Name: proxy.bsws.com 
adinet.analog.com  :  Name: adinet.analog.com 
walden.waldentesting.com  :  
j2007.inktomi.com  :  
cache-db01.proxy.aol.com  :  Name: cache-db01.proxy.aol.com 
hoover.netcraft.co.uk  :  Name: hoover.netcraft.co.uk 
cache-rg03.proxy.aol.com  :  Name: cache-rg03.proxy.aol.com 
spider2-uu.wisewire.com  :  Name: spider2-uu.wisewire.com 
209.185.188.231  :  Name: spider1.ny.rubis.net 
cache-rb03.proxy.aol.com  :  Name: cache-rb03.proxy.aol.com 
exchange.wseinc.com  :  Name: exchange.wseinc.com 
agranat.com  :  Name: agranat.com 
jtranfaglia.ne.mediaone.net  :  
jtranfaglia.ne.mediaone.net  :  
agni.nut.roche.com  :  Name: agni.nut.roche.com 
208.207.12.43  :  
cache-db03.proxy.aol.com  :  Name: cache-db03.proxy.aol.com 
mepc.ee.missouri.edu  :  
pc-2919.on.rogers.wave.ca  :  
door1.lotus.com  :  Name: door1.lotus.com 
firewall.candseek.com  :  Name: firewall.candseek.com 
gw32u.fmr.com  :  Name: gw32u.fmr.com 
bkb-bh.bkb.com  :  Name: bkb-bh.bkb.com 
bsg-ma1-56.ix.netcom.com  :  
mid-qbu-nqp-vty56.as.wcom.net  :  
mid-qbu-nqp-vty56.as.wcom.net  :  
mid-qbu-nqp-vty56.as.wcom.net  :  
mid-qbu-nqp-vty56.as.wcom.net  :  
mid-qbu-nqp-vty56.as.wcom.net  :  
mid-qbu-nqp-vty56.as.wcom.net  :  
mid-qbu-nqp-vty56.as.wcom.net  :  
207.218.150.79  :  
mid-qbu-nql-vty51.as.wcom.net  :  
mid-qbu-nql-vty51.as.wcom.net  :  
mid-qbu-nql-vty51.as.wcom.net  :  
hil-c45-012-vty4.as.wcom.net  :  
hil-c45-012-vty4.as.wcom.net  :  
hil-c45-012-vty4.as.wcom.net  :  
hil-c45-012-vty4.as.wcom.net  :  
dhcp026-229.bbn.com  :  
host175.216-41-36.kinkosboston.com  :  
cache-rg03.proxy.aol.com  :  Name: cache-rg03.proxy.aol.com 
bkb-bh.bkb.com  :  Name: bkb-bh.bkb.com 
proxy3b.lmco.com  :  Name: proxy3b.lmco.com 
lewontin.ne.mediaone.net  :  
dhcp161-15.ndhm.gtegsc.com  :  
ip36.westford.ma.pub-ip.psi.net  :  Name: ip36.westford.ma.pub-ip.psi.net 
cache-db05.proxy.aol.com  :  Name: cache-db05.proxy.aol.com 
cache-db06.proxy.aol.com  :  Name: cache-db06.proxy.aol.com 
sw.microcom.com  :  Name: sw.microcom.com 
d180.dial-3.mnh.nh.ultra.net  :  Name: d180.dial-3.mnh.nh.ultra.net 
mid-qbu-nqn-vty58.as.wcom.net  :  
mid-qbu-nqn-vty58.as.wcom.net  :  
mid-qbu-nqn-vty58.as.wcom.net  :  
sw.microcom.com  :  Name: sw.microcom.com 
user254.simplexnet.com  :  
j4017.inktomisearch.com  :  Name: j4017.inktomisearch.com 
j4017.inktomisearch.com  :  Name: j4017.inktomisearch.com 
proxy-318.public.rwc.webtv.net  :  
sw.microcom.com  :  Name: sw.microcom.com 
ren.rorap.com  :  Name: ren.rorap.com 
scherzo.ulis.ac.jp  :  Name: scherzo.ulis.ac.jp 
lexine.course.com  :  Name: lexine.course.com 
gnaps85.dialup.harvard.net  :  Name: gnaps85.dialup.harvard.net 
gnaps85.dialup.harvard.net  :  Name: gnaps85.dialup.harvard.net 
j4017.inktomisearch.com  :  Name: j4017.inktomisearch.com 
proxy3.sch.prodigy.net  :  
1cust148.tnt2.providence.ri.da.uu.net  :  Name: 1cust148.tnt2.providence.ri.da.uu.net 
green.alexa.com  :  Name: green-public.alexa.com 
green.alexa.com  :  Name: green-public.alexa.com 
207.82.55.238  :  
207.82.55.238  :  
207.82.55.238  :  
207.82.55.238  :  
207.82.55.238  :  
207.82.55.238  :  
bkb-bh.bkb.com  :  Name: bkb-bh.bkb.com 
mafs-bh.mfs.com  :  
pezzy.ne.mediaone.net  :  
pcp018692pcs.tc.tufts.edu  :  
cache-db01.proxy.aol.com  :  Name: cache-db01.proxy.aol.com 
198.4.246.254  :  Name: sky-fw.skycomputers.com 
par-c45-003-vty147.as.wcom.net  :  
liza.alexa.com  :  
odo.belgium.eu.net  :  
bkb-bh.bkb.com  :  Name: bkb-bh.bkb.com 
207.25.0.2  :  
ride.excite.com  :  Name: ride.excite.com 
206.156.173.79  :  
exchange.wseinc.com  :  Name: exchange.wseinc.com 
sig-int-192.233.221.108.sig.bsh.com  :  Name: sig-int-192.233.221.108.sig.bsh.com 
d185fa664.twcny.rr.com  :  
d185fa664.twcny.rr.com  :  
vlane.ne.mediaone.net  :  
cache-db05.proxy.aol.com  :  Name: cache-db05.proxy.aol.com 
wbpxy02.ne.mediaone.net  :  Name: wbpxy02.ne.mediaone.net 
jtranfaglia.ne.mediaone.net  :  
jtranfaglia.ne.mediaone.net  :  
d-ma-superpop-1-14.ici.net  :  Name: d-ma-superpop-1-14.ici.net 
207.18.39.84  :  
relay.calcomp.com  :  
cache-rl03.proxy.aol.com  :  Name: cache-rl03.proxy.aol.com 
bkb-bh.bkb.com  :  Name: bkb-bh.bkb.com 
port224-105.dial.cambridge.l3.net  :  
cache-rb03.proxy.aol.com  :  Name: cache-rb03.proxy.aol.com 
cache-rd01.proxy.aol.com  :  
xcom-79-167.mdc.net  :  Name: xcom-79-167.mdc.net 
xcom-79-167.mdc.net  :  Name: xcom-79-167.mdc.net 
host232.ebnhc.org  :  Name: host232.ebnhc.org 
cache-db05.proxy.aol.com  :  Name: cache-db05.proxy.aol.com 
surf0004.sybase.com  :  Name: surf0004.sybase.com 
cache-db03.proxy.aol.com  :  Name: cache-db03.proxy.aol.com 
cache1.jaring.my  :  
green.alexa.com  :  Name: green-public.alexa.com 
green.alexa.com  :  Name: green-public.alexa.com 
1cust130.tnt4.bos1.da.uu.net  :  Name: 1cust130.tnt4.bos1.da.uu.net 
gtw01.txed.net  :  Name: gtw01.txed.net 
208.209.70.140  :  
bltrading.com  :  Name: bltrading.com 
bltrading.com  :  Name: bltrading.com 
c2.googlebot.com  :  
www.coolsites.net  :  Name: coolsites.net 
gw32u.fmr.com  :  Name: gw32u.fmr.com 
dbloemen.xyplex.com  :  
207.87.178.66  :  
p25.tc19a.metro.ma.tiac.com  :  Name: p25.tc19a.metro.ma.tiac.com 
cache-db03.proxy.aol.com  :  Name: cache-db03.proxy.aol.com 
max3234.samnet.net  :  
209.111.212.171  :  
cache-rl03.proxy.aol.com  :  Name: cache-rl03.proxy.aol.com 
max3199.samnet.net  :  
max3199.samnet.net  :  
vl51-67.venlo.nl.net  :  
d185fa664.twcny.rr.com  :  
green.alexa.com  :  Name: green-public.alexa.com 
green.alexa.com  :  Name: green-public.alexa.com 
xdial150.channel1.com  :  Name: xdial150.channel1.com 
brpxy02.ne.mediaone.net  :  Name: brpxy02.ne.mediaone.net 
1cust186.tnt4.bos1.da.uu.net  :  Name: 1cust186.tnt4.bos1.da.uu.net 
user-2.ny.ssrrealty.com  :  
user-2.ny.ssrrealty.com  :  
brixton.chirondiag.com  :  Name: brixton.chirondiag.com 
bassoon.sys.gtei.net  :  Name: bassoon.sys.gtei.net 
bassoon.sys.gtei.net  :  Name: bassoon.sys.gtei.net 
green.alexa.com  :  Name: green-public.alexa.com 
dhcp050-236.bbn.com  :  
dhcp050-236.bbn.com  :  
1cust204.tnt4.bos1.da.uu.net  :  Name: 1cust204.tnt4.bos1.da.uu.net 
c4.googlebot.com  :  
gw32u.fmr.com  :  Name: gw32u.fmr.com 
bkb-bh.bkb.com  :  Name: bkb-bh.bkb.com 
scooter.pa-x.dec.com  :  Name: scooter.pa-x.dec.com 
1cust250.tnt2.newark.nj.da.uu.net  :  Name: 1cust250.tnt2.newark.nj.da.uu.net 
dhcp140-216.bumc.bu.edu  :  Name: dhcp140-216.bumc.bu.edu 
1cust21.tnt4.bos1.da.uu.net  :  Name: 1cust21.tnt4.bos1.da.uu.net 
1cust116.tnt4.bos1.da.uu.net  :  Name: 1cust116.tnt4.bos1.da.uu.net 
208.230.10.181  :  
208.28.134.157  :  
208.28.134.157  :  
208.28.134.157  :  
dhcp392.knight.ccri.cc.ri.us  :  Name: dhcp392.knight.ccri.cc.ri.us 
dhcp392.knight.ccri.cc.ri.us  :  Name: dhcp392.knight.ccri.cc.ri.us 
user193.curtis-straus.com  :  
ww-ta01.proxy.aol.com  :  
dhcp050-236.bbn.com  :  
spider2-uu.wisewire.com  :  Name: spider2-uu.wisewire.com 
bkb-bh.bkb.com  :  Name: bkb-bh.bkb.com 
bay1-403.quincy.ziplink.net  :  
mid-qbu-nqv-vty107.as.wcom.net  :  
webcache.ncren.net  :  Name: webcache.ncren.net 
mfintra1.kendallhq.com  :  Name: mfintra1.kendallhq.com 
mfintra1.kendallhq.com  :  Name: mfintra1.kendallhq.com 
s016n158.ummed.edu  :  Name: s016n158.ummed.edu 
1cust21.tnt4.bos1.da.uu.net  :  Name: 1cust21.tnt4.bos1.da.uu.net 
216.32.34.34  :  
jasper.inktomi.com  :  Name: jasper.inktomi.com 
1cust13.tnt4.bos1.da.uu.net  :  Name: 1cust13.tnt4.bos1.da.uu.net 
12.3.198.3  :  
12.3.198.3  :  
ftp.sylvania.com  :  Name: ftp.sylvania.com 
mrgriffith-crpritzker.ne.mediaone.net  :  
cache-db01.proxy.aol.com  :  Name: cache-db01.proxy.aol.com 
1cust164.tnt4.bos1.da.uu.net  :  Name: 1cust164.tnt4.bos1.da.uu.net 
bkb-bh.bkb.com  :  Name: bkb-bh.bkb.com 
mid-qbu-nql-vty71.as.wcom.net  :  
sharkey.northpark.edu  :  
p32.tc19a.metro.ma.tiac.com  :  Name: p32.tc19a.metro.ma.tiac.com 
igw-us.astra.com  :  Name: igw-us.astra.com 
bkb-bh.bkb.com  :  Name: bkb-bh.bkb.com 
1cust146.tnt3.redondo-beach.ca.da.uu.net  :  Name: 1cust146.tnt3.redondo-beach.ca.da.uu.net 
newwest.thomson.com  :  
xcom22.cybercom.net  :  
1cust203.tnt4.bos1.da.uu.net  :  Name: 1cust203.tnt4.bos1.da.uu.net 
cache-da02.proxy.aol.com  :  Name: cache-da02.proxy.aol.com 
x1-6-00-a0-24-0f-b2-86.bc.edu  :  
x1-6-00-a0-24-0f-b2-86.bc.edu  :  
usr26-dialup39.mix2.boston.cw.net  :  Name: usr26-dialup39.mix2.boston.cw.net 
usr26-dialup39.mix2.boston.cw.net  :  Name: usr26-dialup39.mix2.boston.cw.net 
d185fa664.twcny.rr.com  :  
d185fa664.twcny.rr.com  :  
pc19f056f.dip.t-online.de  :  
j4017.inktomisearch.com  :  Name: j4017.inktomisearch.com 
cx915136-b.provd1.ri.home.com  :  
j4015.inktomisearch.com  :  Name: j4015.inktomisearch.com 
mfintra1.kendallhq.com  :  Name: mfintra1.kendallhq.com 
bkb-bh.bkb.com  :  Name: bkb-bh.bkb.com 
1cust195.tnt13.bos2.da.uu.net  :  Name: 1cust195.tnt13.bos2.da.uu.net 
gw32u.fmr.com  :  Name: gw32u.fmr.com 
gw32u.fmr.com  :  Name: gw32u.fmr.com 
cache-rf01.proxy.aol.com  :  Name: cache-rf01.proxy.aol.com 
scooter2.av.pa-x.dec.com  :  Name: scooter2.av.pa-x.dec.com 
21.albany-01-02rs.ny.dial-access.att.net  :  Name: 21.albany-01-02rs.ny.dial-access.att.net 
ppp28-12.gis.net  :  
piweba3y-ext.prodigy.com  :  
ppp01-0710-007.pt.lu  :  
charaptor.challiance.org  :  
charaptor.challiance.org  :  
j4015.inktomisearch.com  :  Name: j4015.inktomisearch.com 
168.159.204.17  :  
cache-rf01.proxy.aol.com  :  Name: cache-rf01.proxy.aol.com 
bkb-bh.bkb.com  :  Name: bkb-bh.bkb.com 
ushfdfw1.hebbgitlin.com  :  
ushfdfw1.hebbgitlin.com  :  
ushfdfw1.hebbgitlin.com  :  
ushfdfw1.hebbgitlin.com  :  
1cust129.tnt2.bos2.da.uu.net  :  Name: 1cust129.tnt2.bos2.da.uu.net 
209.80.136.4  :  
168.159.204.98  :  
209-122-233-36.s36.tnt5.sbo.ma.dialup.rcn.com  :  
209.19.34.77  :  
bkb-bh.bkb.com  :  Name: bkb-bh.bkb.com 
odo.belgium.eu.net  :  Name: odo.belgium.eu.net 
pinthas-2.latrade.com  :  Name: pinthas-2.latrade.com 
208.28.134.157  :  
208.28.134.157  :  
gb-asc1-p30.taconic.net  :  Name: gb-asc1-p30.taconic.net 
1cust34.tnt3.bos1.da.uu.net  :  Name: 1cust34.tnt3.bos1.da.uu.net 
j5011.inktomisearch.com  :  Name: j5011.inktomisearch.com 
p170.tc2.state.ma.tiac.com  :  Name: p170.tc2.state.ma.tiac.com 
piano.excite.com  :  Name: piano.excite.com 
205.181.149.127  :  
viola.excite.com  :  Name: viola.excite.com 
cache-da06.proxy.aol.com  :  Name: cache-da06.proxy.aol.com 
cache-da06.proxy.aol.com  :  Name: cache-da06.proxy.aol.com 
cache-da06.proxy.aol.com  :  Name: cache-da06.proxy.aol.com 
cache-da06.proxy.aol.com  :  Name: cache-da06.proxy.aol.com 
cache-da06.proxy.aol.com  :  Name: cache-da06.proxy.aol.com 
cache-da06.proxy.aol.com  :  Name: cache-da06.proxy.aol.com 
cache-da06.proxy.aol.com  :  Name: cache-da06.proxy.aol.com 
xcom-78-32.mdc.net  :  Name: xcom-78-32.mdc.net 
xcom-78-32.mdc.net  :  Name: xcom-78-32.mdc.net 
xcom-78-32.mdc.net  :  Name: xcom-78-32.mdc.net 
207.87.178.66  :  
1cust234.tnt2.bos1.da.uu.net  :  Name: 1cust234.tnt2.bos1.da.uu.net 
1cust142.tnt5.providence.ri.da.uu.net  :  Name: 1cust142.tnt5.providence.ri.da.uu.net 
193.74.177.182  :  
proxy2-external.etntwn1.nj.home.com  :  Name: proxy2-external.etntwn1.nj.home.com 
cache-da02.proxy.aol.com  :  Name: cache-da02.proxy.aol.com 
cache-rk01.proxy.aol.com  :  Name: cache-rk01.proxy.aol.com 
camb1029.capecod.net  :  
bkb-bh.bkb.com  :  Name: bkb-bh.bkb.com 
jberg.tiac.net  :  Name: jberg.tiac.net 
gatekeeper.polaroid.com  :  Name: gatekeeper.polaroid.com 
gdh2-264.twcny.rr.com  :  
mena.ne.mediaone.net  :  
croissant.mit.edu  :  Name: croissant.mit.edu 
piano.excite.com  :  Name: piano.excite.com 
130.64.182.5  :  
host-218-6.nat-pool.midco.net  :  
206.98.238.11  :  Name: delta2.pcconnection.com 
pool026-max2.ds29-ca-us.dialup.earthlink.net  :  
occhio.baynetworks.com  :  Name: occhio.baynetworks.com 
j4017.inktomisearch.com  :  Name: j4017.inktomisearch.com 
1cust50.tnt2.bos1.da.uu.net  :  Name: 1cust50.tnt2.bos1.da.uu.net 
150.198.10.40  :  
207.220.111.122  :  
204.203.117.149  :  
204.203.117.149  :  
204.203.117.149  :  
204.203.117.149  :  
204.203.117.149  :  
204.203.117.149  :  
204.203.117.149  :  
cache-rf01.proxy.aol.com  :  Name: cache-rf01.proxy.aol.com 
green.alexa.com  :  Name: green-public.alexa.com 
mena.ne.mediaone.net  :  
mena.ne.mediaone.net  :  
mena.ne.mediaone.net  :  
mena.ne.mediaone.net  :  
mena.ne.mediaone.net  :  
mena.ne.mediaone.net  :  
mena.ne.mediaone.net  :  
mena.ne.mediaone.net  :  
mena.ne.mediaone.net  :  
mena.ne.mediaone.net  :  
mena.ne.mediaone.net  :  
mena.ne.mediaone.net  :  
mena.ne.mediaone.net  :  
mena.ne.mediaone.net  :  
mena.ne.mediaone.net  :  
mena.ne.mediaone.net  :  
mena.ne.mediaone.net  :  
mena.ne.mediaone.net  :  
mena.ne.mediaone.net  :  
mena.ne.mediaone.net  :  
mena.ne.mediaone.net  :  
mena.ne.mediaone.net  :  
mena.ne.mediaone.net  :  
mena.ne.mediaone.net  :  
mena.ne.mediaone.net  :  
mena.ne.mediaone.net  :  
mena.ne.mediaone.net  :  
mena.ne.mediaone.net  :  
1cust54.tnt2.bos1.da.uu.net  :  Name: 1cust54.tnt2.bos1.da.uu.net 
cache-rk01.proxy.aol.com  :  Name: cache-rk01.proxy.aol.com 
207.124.17.142  :  
gw32u.fmr.com  :  Name: gw32u.fmr.com 
gw32u.fmr.com  :  Name: gw32u.fmr.com 
gtw01.txed.net  :  Name: gtw01.txed.net 
ti08a95-0136.dialup.online.no  :  
ti08a95-0136.dialup.online.no  :  
harpoonipa.wsicorp.com  :  
harpoonipa.wsicorp.com  :  
harpoonipa.wsicorp.com  :  
209.185.188.232  :  Name: spider2.ny.rubis.net 
ride.excite.com  :  Name: ride.excite.com 
1cust228.tnt3.bos1.da.uu.net  :  Name: 1cust228.tnt3.bos1.da.uu.net 
1cust228.tnt3.bos1.da.uu.net  :  Name: 1cust228.tnt3.bos1.da.uu.net 
bvpxy02.ne.mediaone.net  :  Name: bvpxy02.ne.mediaone.net 
1cust107.tnt3.bos1.da.uu.net  :  Name: 1cust107.tnt3.bos1.da.uu.net 
mena.ne.mediaone.net  :  
mena.ne.mediaone.net  :  
mena.ne.mediaone.net  :  
mena.ne.mediaone.net  :  
mena.ne.mediaone.net  :  
mena.ne.mediaone.net  :  
ww-pa03.proxy.aol.com  :  Name: ww-pa03.proxy.aol.com 
ww-pa03.proxy.aol.com  :  Name: ww-pa03.proxy.aol.com 
ww-pa03.proxy.aol.com  :  Name: ww-pa03.proxy.aol.com 
ww-pa03.proxy.aol.com  :  Name: ww-pa03.proxy.aol.com 
mena.ne.mediaone.net  :  
cache-rk01.proxy.aol.com  :  Name: cache-rk01.proxy.aol.com 
mena.ne.mediaone.net  :  
cache-da04.proxy.aol.com  :  Name: cache-da04.proxy.aol.com 
cache-da04.proxy.aol.com  :  Name: cache-da04.proxy.aol.com 
mena.ne.mediaone.net  :  
mena.ne.mediaone.net  :  
mena.ne.mediaone.net  :  
cache-da04.proxy.aol.com  :  Name: cache-da04.proxy.aol.com 
mena.ne.mediaone.net  :  
cache-da04.proxy.aol.com  :  Name: cache-da04.proxy.aol.com 
mena.ne.mediaone.net  :  
charaptor.challiance.org  :  
charaptor.challiance.org  :  
cache-da04.proxy.aol.com  :  Name: cache-da04.proxy.aol.com 
cache-da04.proxy.aol.com  :  Name: cache-da04.proxy.aol.com 
nicolet.com  :  Name: nicolet.com 
mena.ne.mediaone.net  :  
mena.ne.mediaone.net  :  
ww-pa03.proxy.aol.com  :  Name: ww-pa03.proxy.aol.com 
bkb-bh.bkb.com  :  Name: bkb-bh.bkb.com 
mena.ne.mediaone.net  :  
207.218.150.79  :  
1cust89.tnt3.bos1.da.uu.net  :  Name: 1cust89.tnt3.bos1.da.uu.net 
kenn010b-045.cybertours.com  :  
hrfr-sh2-port197.snet.net  :  Name: hrfr-sh2-port197.snet.net 
cache-rk01.proxy.aol.com  :  Name: cache-rk01.proxy.aol.com 
netbstn-s02-149.port.shore.net  :  
229.cambridge-15-20rs.ma.dial-access.att.net  :  Name: 229.cambridge-15-20rs.ma.dial-access.att.net 
229.cambridge-15-20rs.ma.dial-access.att.net  :  Name: 229.cambridge-15-20rs.ma.dial-access.att.net 
gb-asc1-p28.taconic.net  :  Name: gb-asc1-p28.taconic.net 
planetx-2-187.mdm.mkt.execpc.com  :  
63.65.196.2  :  
mid-qbu-nqm-vty174.as.wcom.net  :  
pern-2-166.mdm.mkt.execpc.com  :  
crawl4.atext.com  :  Name: crawl4.atext.com 
gw32u.fmr.com  :  Name: gw32u.fmr.com 
gw32u.fmr.com  :  Name: gw32u.fmr.com 
157.cambridge-01-02rs.ma.dial-access.att.net  :  Name: 157.cambridge-01-02rs.ma.dial-access.att.net 
max-orl1-21.digital.net  :  
cache-da08.proxy.aol.com  :  Name: cache-da08.proxy.aol.com 
spy1.ny.rubis.net  :  
1cust61.tnt4.bos1.da.uu.net  :  Name: 1cust61.tnt4.bos1.da.uu.net 
1cust61.tnt4.bos1.da.uu.net  :  Name: 1cust61.tnt4.bos1.da.uu.net 
gb-asc1-p8.taconic.net  :  Name: gb-asc1-p8.taconic.net 
ride.excite.com  :  Name: ride.excite.com 
pm4-041.port.shore.net  :  
209.6.43.9  :  
209.6.43.9  :  
209.6.43.9  :  
gw32u.fmr.com  :  Name: gw32u.fmr.com 
gw32u.fmr.com  :  Name: gw32u.fmr.com 
gw32u.fmr.com  :  Name: gw32u.fmr.com 
gw32u.fmr.com  :  Name: gw32u.fmr.com 
gw32u.fmr.com  :  Name: gw32u.fmr.com 
gw32u.fmr.com  :  Name: gw32u.fmr.com 
cache-da08.proxy.aol.com  :  Name: cache-da08.proxy.aol.com 
j4017.inktomisearch.com  :  Name: j4017.inktomisearch.com 
mena.ne.mediaone.net  :  
mena.ne.mediaone.net  :  
proxy.geiger.com  :  Name: proxy.geiger.com 
brianclare.ne.mediaone.net  :  
cache-rf01.proxy.aol.com  :  Name: cache-rf01.proxy.aol.com 
155.33.245.118  :  
209.6.43.9  :  
12.25.3.127  :  
mena.ne.mediaone.net  :  
1cust160.tnt3.bos1.da.uu.net  :  Name: 1cust160.tnt3.bos1.da.uu.net 
j4017.inktomisearch.com  :  Name: j4017.inktomisearch.com 
gdh2-297.twcny.rr.com  :  
bbs97.grolen.com  :  Name: bbs97.grolen.com 
dial188.roadrunner.com  :  Name: dial188.roadrunner.com 
150.176.105.194  :  Name: dns.indian-river.lib.fl.us 
150.176.105.194  :  Name: dns.indian-river.lib.fl.us 
150.176.105.194  :  Name: dns.indian-river.lib.fl.us 
150.176.105.194  :  Name: dns.indian-river.lib.fl.us 
150.176.105.194  :  Name: dns.indian-river.lib.fl.us 
cache-rk03.proxy.aol.com  :  Name: cache-rk03.proxy.aol.com 
1cust97.tnt4.bos1.da.uu.net  :  Name: 1cust97.tnt4.bos1.da.uu.net 
spider2-uu.wisewire.com  :  Name: spider2-uu.wisewire.com 
168.159.204.17  :  
igw11e.fmr.com  :  Name: igw11e.fmr.com 
igw11e.fmr.com  :  Name: igw11e.fmr.com 
p97.sas2.dialup.bos1.flash.net  :  
pppa9-resalesanantonio1-1r1004.saturn.bbn.com  :  
ww-ta05.proxy.aol.com  :  
1cust106.tnt2.bos1.da.uu.net  :  Name: 1cust106.tnt2.bos1.da.uu.net 
gw32u.fmr.com  :  Name: gw32u.fmr.com 
add3.yahoo.com  :  Name: add3.yahoo.com 
add-url.altavista.com  :  Name: add-url.altavista.com 
bos-fe6-1.bos.lycos.com  :  Name: bos-fe6-1.bos.lycos.com 
add-url.altavista.com  :  Name: add-url.altavista.com 
sy-253.impulse.net  :  
mena.ne.mediaone.net  :  
proxy2.aerotek.com  :  Name: proxy2.aerotek.com 
add-url.altavista.com  :  Name: add-url.altavista.com 
cde2c91f.infoseek.com  :  Name: cde2c91f.infoseek.com 
cde2c91f.infoseek.com  :  Name: cde2c91f.infoseek.com 
209.67.244.77  :  
m020-fw1.coned.com  :  Name: m020-fw1.coned.com 
m020-fw1.coned.com  :  Name: m020-fw1.coned.com 
gw32u.fmr.com  :  Name: gw32u.fmr.com 
207.239.63.11  :  Name: webproxy2.phcs.com 
brpxy02.ne.mediaone.net  :  Name: brpxy02.ne.mediaone.net 
brpxy02.ne.mediaone.net  :  Name: brpxy02.ne.mediaone.net 
206.159.156.50  :  Name: 206-159-156-50.netsync.net 
209.67.244.77  :  
pm4-106.port.shore.net  :  
davespc.jsb.co.uk  :  
x132.ntx.net  :  Name: x132.ntx.net 
mena.ne.mediaone.net  :  
1cust210.tnt2.bos1.da.uu.net  :  Name: 1cust210.tnt2.bos1.da.uu.net 
brpxy02.ne.mediaone.net  :  Name: brpxy02.ne.mediaone.net 
4.17.150.106  :  
ww-pa03.proxy.aol.com  :  Name: ww-pa03.proxy.aol.com 
ww-pa03.proxy.aol.com  :  Name: ww-pa03.proxy.aol.com 
gw32u.fmr.com  :  Name: gw32u.fmr.com 
gw32u.fmr.com  :  Name: gw32u.fmr.com 
209.67.244.77  :  
scrooge.harte-hanks.com  :  Name: scrooge.harte-hanks.com 
host161.218.113.209.tnt-1.ne.110.net  :  
pm4-070.port.shore.net  :  
j4001.inktomisearch.com  :  Name: j4001.inktomisearch.com 
cache-da08.proxy.aol.com  :  Name: cache-da08.proxy.aol.com 
cache-2.spg.webcache.erols.net  :  
mena.ne.mediaone.net  :  
mena.ne.mediaone.net  :  
1cust172.tnt2.bos1.da.uu.net  :  Name: 1cust172.tnt2.bos1.da.uu.net 
sarsfield.ne.mediaone.net  :  
skorr.networkstatistics.com  :  
world-f.std.com  :  Name: world-f.std.com 
sax.excite.com  :  Name: sax.excite.com 
209.13.81.65  :  
209.13.81.65  :  
j4001.inktomisearch.com  :  Name: j4001.inktomisearch.com 
00009492db61.ne.mediaone.net  :  
1cust71.tnt2.bos1.da.uu.net  :  Name: 1cust71.tnt2.bos1.da.uu.net 
ichiban.atext.com  :  Name: ichiban.atext.com 
cache-da06.proxy.aol.com  :  Name: cache-da06.proxy.aol.com 
207.254.6.202  : 